Using pre-set license
Built from '2020.3/staging' branch; Version is '2020.3.23f1 (c5d91304a876) revision 12966163'; Using compiler version '192528614'; Build Type 'Release'
OS: 'Windows 10 Home; OS build 19041.1052; Version 2004; 64bit' Language: 'en' Physical Memory: 6020 MB
BatchMode: 1, IsHumanControllingUs: 0, StartBugReporterOnCrash: 0, Is64bit: 1, IsPro: 0

COMMAND LINE ARGUMENTS:
C:\Program Files\Unity\Hub\Editor\2020.3.23f1\Editor\Unity.exe
-adb2
-batchMode
-noUpm
-name
AssetImportWorker0
-projectPath
C:/Users/Ninja/Desktop/Unitygit/CodeNinjasFrederickUnity/devin unity/dropbombs!!
-logFile
Logs/AssetImportWorker0.log
-srvPort
51713
Successfully changed project path to: C:/Users/Ninja/Desktop/Unitygit/CodeNinjasFrederickUnity/devin unity/dropbombs!!
C:/Users/Ninja/Desktop/Unitygit/CodeNinjasFrederickUnity/devin unity/dropbombs!!
Using Asset Import Pipeline V2.
Refreshing native plugins compatible for Editor in 43.91 ms, found 2 plugins.
Preloading 0 native plugins for Editor in 0.00 ms.
Initialize engine version: 2020.3.23f1 (c5d91304a876)
[Subsystems] Discovering subsystems at path C:/Program Files/Unity/Hub/Editor/2020.3.23f1/Editor/Data/Resources/UnitySubsystems
[Subsystems] Discovering subsystems at path C:/Users/Ninja/Desktop/Unitygit/CodeNinjasFrederickUnity/devin unity/dropbombs!!/Assets
GfxDevice: creating device client; threaded=0
Direct3D:
    Version:  Direct3D 11.0 [level 11.1]
    Renderer: AMD Radeon(TM) Vega 8 Graphics (ID=0x15d8)
    Vendor:   
    VRAM:     3010 MB
    Driver:   27.20.11028.10001
Initialize mono
Mono path[0] = 'C:/Program Files/Unity/Hub/Editor/2020.3.23f1/Editor/Data/Managed'
Mono path[1] = 'C:/Program Files/Unity/Hub/Editor/2020.3.23f1/Editor/Data/MonoBleedingEdge/lib/mono/unityjit'
Mono config path = 'C:/Program Files/Unity/Hub/Editor/2020.3.23f1/Editor/Data/MonoBleedingEdge/etc'
Using monoOptions --debugger-agent=transport=dt_socket,embedding=1,server=y,suspend=n,address=127.0.0.1:56640
Begin MonoManager ReloadAssembly
Registering precompiled unity dll's ...
Register platform support module: C:/Program Files/Unity/Hub/Editor/2020.3.23f1/Editor/Data/PlaybackEngines/WindowsStandaloneSupport/UnityEditor.WindowsStandalone.Extensions.dll
Registered in 0.003187 seconds.
Native extension for WindowsStandalone target not found
Refreshing native plugins compatible for Editor in 44.21 ms, found 2 plugins.
Preloading 0 native plugins for Editor in 0.00 ms.
Mono: successfully reloaded assembly
- Completed reload, in  0.813 seconds
Domain Reload Profiling:
	ReloadAssembly (813ms)
		BeginReloadAssembly (78ms)
			ExecutionOrderSort (0ms)
			DisableScriptedObjects (0ms)
			BackupInstance (0ms)
			ReleaseScriptingObjects (0ms)
			CreateAndSetChildDomain (1ms)
		EndReloadAssembly (621ms)
			LoadAssemblies (74ms)
			RebuildTransferFunctionScriptingTraits (0ms)
			SetupTypeCache (201ms)
			ReleaseScriptCaches (0ms)
			RebuildScriptCaches (35ms)
			SetupLoadedEditorAssemblies (233ms)
				LogAssemblyErrors (0ms)
				InitializePlatformSupportModulesInManaged (6ms)
				SetLoadedEditorAssemblies (0ms)
				RefreshPlugins (44ms)
				BeforeProcessingInitializeOnLoad (29ms)
				ProcessInitializeOnLoadAttributes (112ms)
				ProcessInitializeOnLoadMethodAttributes (40ms)
				AfterProcessingInitializeOnLoad (0ms)
				EditorAssembliesLoaded (0ms)
			ExecutionOrderSort2 (0ms)
			AwakeInstancesAfterBackupRestoration (0ms)
Platform modules already initialized, skipping
Registering precompiled user dll's ...
Registered in 0.008639 seconds.
Begin MonoManager ReloadAssembly
Native extension for WindowsStandalone target not found
Refreshing native plugins compatible for Editor in 0.58 ms, found 2 plugins.
Preloading 0 native plugins for Editor in 0.00 ms.
Mono: successfully reloaded assembly
- Completed reload, in  1.521 seconds
Domain Reload Profiling:
	ReloadAssembly (1522ms)
		BeginReloadAssembly (212ms)
			ExecutionOrderSort (0ms)
			DisableScriptedObjects (7ms)
			BackupInstance (0ms)
			ReleaseScriptingObjects (0ms)
			CreateAndSetChildDomain (29ms)
		EndReloadAssembly (1205ms)
			LoadAssemblies (123ms)
			RebuildTransferFunctionScriptingTraits (0ms)
			SetupTypeCache (408ms)
			ReleaseScriptCaches (1ms)
			RebuildScriptCaches (55ms)
			SetupLoadedEditorAssemblies (456ms)
				LogAssemblyErrors (0ms)
				InitializePlatformSupportModulesInManaged (6ms)
				SetLoadedEditorAssemblies (1ms)
				RefreshPlugins (1ms)
				BeforeProcessingInitializeOnLoad (120ms)
				ProcessInitializeOnLoadAttributes (302ms)
				ProcessInitializeOnLoadMethodAttributes (14ms)
				AfterProcessingInitializeOnLoad (12ms)
				EditorAssembliesLoaded (0ms)
			ExecutionOrderSort2 (0ms)
			AwakeInstancesAfterBackupRestoration (10ms)
Platform modules already initialized, skipping
========================================================================
Worker process is ready to serve import requests
Launched and connected shader compiler UnityShaderCompiler.exe after 0.07 seconds
Refreshing native plugins compatible for Editor in 0.42 ms, found 2 plugins.
Preloading 0 native plugins for Editor in 0.00 ms.
Unloading 1502 Unused Serialized files (Serialized files now loaded: 0)
System memory in use before: 68.0 MB.
System memory in use after: 68.1 MB.

Unloading 19 unused Assets to reduce memory usage. Loaded Objects now: 1934.
Total: 3.535600 ms (FindLiveObjects: 0.265100 ms CreateObjectMapping: 0.076900 ms MarkObjects: 3.105100 ms  DeleteObjects: 0.086700 ms)

AssetImportParameters requested are different than current active one (requested -> active):
  custom:framework-win-MediaFoundation: 216162199b28c13a410421893ffa2e32 -> 
  custom:video-decoder-ogg-theora: a1e56fd34408186e4bbccfd4996cb3dc -> 
  custom:container-muxer-webm: aa71ff27fc2769a1b78a27578f13a17b -> 
  custom:container-demuxer-webm: 4f35f7cbe854078d1ac9338744f61a02 -> 
  custom:container-demuxer-ogg: 62fdf1f143b41e24485cea50d1cbac27 -> 
  custom:video-encoder-webm-vp8: eb34c28f22e8b96e1ab97ce403110664 -> 
  custom:video-codec-MediaFoundation-h265: 746d11721c4dcdbdad8f713fa42b33f4 -> 
  custom:video-decoder-webm-vp8: 9c59270c3fd7afecdb556c50c9e8de78 -> 
  custom:audio-decoder-ogg-vorbis: bf7c407c2cedff20999df2af8eb42d56 -> 
  custom:audio-encoder-webm-vorbis: bf7c407c2cedff20999df2af8eb42d56 -> 
========================================================================
Received Import Request.
  path: Assets/Resources/Icons/boundaries.png
  artifactKey: Guid(a071d3b53493f594a9b5e18ad60f2029) Importer(815301076,1909f56bfc062723c751e8b465ee728b)
Start importing Assets/Resources/Icons/boundaries.png using Guid(a071d3b53493f594a9b5e18ad60f2029) Importer(815301076,1909f56bfc062723c751e8b465ee728b)  -> (artifact id: 'f0af260d977ab804ec9bd5b2584eb9da') in 0.134247 seconds 
  Import took 0.137879 seconds .

========================================================================
Received Import Request.
  Time since last request: 0.013394 seconds.
  path: Assets/Resources/Icons/movement.png
  artifactKey: Guid(b83026fd4fb9e1246882eff0072a590c) Importer(815301076,1909f56bfc062723c751e8b465ee728b)
Start importing Assets/Resources/Icons/movement.png using Guid(b83026fd4fb9e1246882eff0072a590c) Importer(815301076,1909f56bfc062723c751e8b465ee728b)  -> (artifact id: 'f4355f16ac0338f65edb1bef41a8e4a5') in 0.018403 seconds 
  Import took 0.021731 seconds .

========================================================================
Received Import Request.
  Time since last request: 0.008771 seconds.
  path: Assets/Resources
  artifactKey: Guid(d0690b0f1449f4b4daf6fac550c29068) Importer(815301076,1909f56bfc062723c751e8b465ee728b)
Start importing Assets/Resources using Guid(d0690b0f1449f4b4daf6fac550c29068) Importer(815301076,1909f56bfc062723c751e8b465ee728b)  -> (artifact id: 'b4e98bd0e6f670758936bc08db91731f') in 0.009954 seconds 
  Import took 0.013847 seconds .

========================================================================
Received Import Request.
  Time since last request: 0.009278 seconds.
  path: Assets/Scripts/Reset.cs
  artifactKey: Guid(9220624dcb0b78744869b9f56c91f25e) Importer(815301076,1909f56bfc062723c751e8b465ee728b)
Start importing Assets/Scripts/Reset.cs using Guid(9220624dcb0b78744869b9f56c91f25e) Importer(815301076,1909f56bfc062723c751e8b465ee728b)  -> (artifact id: 'ea84783a093d24ab55c62f2c8ceeb691') in 0.017773 seconds 
  Import took 0.022239 seconds .

========================================================================
Received Import Request.
  Time since last request: 0.007315 seconds.
  path: Assets/Scenes
  artifactKey: Guid(b46945c48eae47a459efb028c265d875) Importer(815301076,1909f56bfc062723c751e8b465ee728b)
Start importing Assets/Scenes using Guid(b46945c48eae47a459efb028c265d875) Importer(815301076,1909f56bfc062723c751e8b465ee728b)  -> (artifact id: '2672da95eade71657b27854a1607f897') in 0.011301 seconds 
  Import took 0.014872 seconds .

========================================================================
Received Import Request.
  Time since last request: 0.012243 seconds.
  path: Assets/Resources/Icons/reset.png
  artifactKey: Guid(7aa3faa8702ed2d45b4bae5c39511876) Importer(815301076,1909f56bfc062723c751e8b465ee728b)
Start importing Assets/Resources/Icons/reset.png using Guid(7aa3faa8702ed2d45b4bae5c39511876) Importer(815301076,1909f56bfc062723c751e8b465ee728b)  -> (artifact id: 'a5c4132c1d416cbf7a2c9da4fc0987a4') in 0.016751 seconds 
  Import took 0.020722 seconds .

========================================================================
Received Import Request.
  Time since last request: 0.013000 seconds.
  path: Assets/Scripts/Boundaries.cs
  artifactKey: Guid(788cfcae67b43b24ea5792d09e19b2e1) Importer(815301076,1909f56bfc062723c751e8b465ee728b)
Start importing Assets/Scripts/Boundaries.cs using Guid(788cfcae67b43b24ea5792d09e19b2e1) Importer(815301076,1909f56bfc062723c751e8b465ee728b)  -> (artifact id: '43adb858765bfdfe456c0b475b02476c') in 0.009752 seconds 
  Import took 0.014054 seconds .

========================================================================
Received Import Request.
  Time since last request: 0.006900 seconds.
  path: Assets/Resources/Icons
  artifactKey: Guid(04b1a670211523444952852087a9c649) Importer(815301076,1909f56bfc062723c751e8b465ee728b)
Start importing Assets/Resources/Icons using Guid(04b1a670211523444952852087a9c649) Importer(815301076,1909f56bfc062723c751e8b465ee728b)  -> (artifact id: '0a381e4ffe6555463db017056d74683d') in 0.010400 seconds 
  Import took 0.014254 seconds .

========================================================================
Received Import Request.
  Time since last request: 0.005817 seconds.
  path: Assets/Scripts
  artifactKey: Guid(f3444c77c67474d458dd24b2720da98f) Importer(815301076,1909f56bfc062723c751e8b465ee728b)
Start importing Assets/Scripts using Guid(f3444c77c67474d458dd24b2720da98f) Importer(815301076,1909f56bfc062723c751e8b465ee728b)  -> (artifact id: '7fe2006fce509c1c957f1b2209dadeca') in 0.010434 seconds 
  Import took 0.014006 seconds .

========================================================================
Received Import Request.
  Time since last request: 0.010626 seconds.
  path: Assets/Resources/Icons/teleport.png
  artifactKey: Guid(16c31b1270e811f44b87f181efc9edcb) Importer(815301076,1909f56bfc062723c751e8b465ee728b)
Start importing Assets/Resources/Icons/teleport.png using Guid(16c31b1270e811f44b87f181efc9edcb) Importer(815301076,1909f56bfc062723c751e8b465ee728b)  -> (artifact id: 'de0a8a88f89c8f8240544b04d2c6ae13') in 0.020572 seconds 
  Import took 0.024142 seconds .

========================================================================
Received Import Request.
  Time since last request: 0.014577 seconds.
  path: Assets/Scripts/Teleport.cs
  artifactKey: Guid(d63b882c141630c4faa97e7e3e3d9020) Importer(815301076,1909f56bfc062723c751e8b465ee728b)
Start importing Assets/Scripts/Teleport.cs using Guid(d63b882c141630c4faa97e7e3e3d9020) Importer(815301076,1909f56bfc062723c751e8b465ee728b)  -> (artifact id: '5b6ad9f46296706cd65e2979b1ed668d') in 0.011205 seconds 
  Import took 0.014722 seconds .

========================================================================
Received Import Request.
  Time since last request: 0.010219 seconds.
  path: Assets/Scenes/SampleScene.unity
  artifactKey: Guid(9fc0d4010bbf28b4594072e72b8655ab) Importer(815301076,1909f56bfc062723c751e8b465ee728b)
Start importing Assets/Scenes/SampleScene.unity using Guid(9fc0d4010bbf28b4594072e72b8655ab) Importer(815301076,1909f56bfc062723c751e8b465ee728b)  -> (artifact id: 'fc195e45db328fd1ab4f9c3896cc33e6') in 0.010452 seconds 
  Import took 0.013708 seconds .

========================================================================
Received Import Request.
  Time since last request: 0.010309 seconds.
  path: Assets/Scripts/Movement.cs
  artifactKey: Guid(c22efc2fca1c7ad4f89183c00c88dec1) Importer(815301076,1909f56bfc062723c751e8b465ee728b)
Start importing Assets/Scripts/Movement.cs using Guid(c22efc2fca1c7ad4f89183c00c88dec1) Importer(815301076,1909f56bfc062723c751e8b465ee728b)  -> (artifact id: 'f5f11e2f1f2b42e56e49a0973856d389') in 0.011375 seconds 
  Import took 0.014477 seconds .

AssetImportWorkerClient::OnTransportError - code=2 error=End of file
