Using pre-set license
Built from '2020.3/staging' branch; Version is '2020.3.29f1 (2ff179115da0) revision 3142009'; Using compiler version '192528614'; Build Type 'Release'
OS: 'Windows 10  (10.0.19041) 64bit Core' Language: 'en' Physical Memory: 6020 MB
BatchMode: 1, IsHumanControllingUs: 0, StartBugReporterOnCrash: 0, Is64bit: 1, IsPro: 0

COMMAND LINE ARGUMENTS:
C:\Program Files\Unity\Hub\Editor\2020.3.29f1\Editor\Unity.exe
-adb2
-batchMode
-noUpm
-name
AssetImportWorker0
-projectPath
C:/Users/Ninja/Desktop/donovans unity games/dm DROPPING BOMBS BOMBS AWAY
-logFile
Logs/AssetImportWorker0.log
-srvPort
56831
Successfully changed project path to: C:/Users/Ninja/Desktop/donovans unity games/dm DROPPING BOMBS BOMBS AWAY
C:/Users/Ninja/Desktop/donovans unity games/dm DROPPING BOMBS BOMBS AWAY
Using Asset Import Pipeline V2.
Refreshing native plugins compatible for Editor in 38.99 ms, found 2 plugins.
Preloading 0 native plugins for Editor in 0.00 ms.
Initialize engine version: 2020.3.29f1 (2ff179115da0)
[Subsystems] Discovering subsystems at path C:/Program Files/Unity/Hub/Editor/2020.3.29f1/Editor/Data/Resources/UnitySubsystems
[Subsystems] Discovering subsystems at path C:/Users/Ninja/Desktop/donovans unity games/dm DROPPING BOMBS BOMBS AWAY/Assets
GfxDevice: creating device client; threaded=0
Direct3D:
    Version:  Direct3D 11.0 [level 11.1]
    Renderer: AMD Radeon(TM) Vega 8 Graphics (ID=0x15d8)
    Vendor:   
    VRAM:     3010 MB
    Driver:   27.20.11028.10001
Initialize mono
Mono path[0] = 'C:/Program Files/Unity/Hub/Editor/2020.3.29f1/Editor/Data/Managed'
Mono path[1] = 'C:/Program Files/Unity/Hub/Editor/2020.3.29f1/Editor/Data/MonoBleedingEdge/lib/mono/unityjit'
Mono config path = 'C:/Program Files/Unity/Hub/Editor/2020.3.29f1/Editor/Data/MonoBleedingEdge/etc'
Using monoOptions --debugger-agent=transport=dt_socket,embedding=1,server=y,suspend=n,address=127.0.0.1:56052
Begin MonoManager ReloadAssembly
Registering precompiled unity dll's ...
Register platform support module: C:/Program Files/Unity/Hub/Editor/2020.3.29f1/Editor/Data/PlaybackEngines/WebGLSupport/UnityEditor.WebGL.Extensions.dll
Register platform support module: C:/Program Files/Unity/Hub/Editor/2020.3.29f1/Editor/Data/PlaybackEngines/WindowsStandaloneSupport/UnityEditor.WindowsStandalone.Extensions.dll
Registered in 0.004485 seconds.
Native extension for WindowsStandalone target not found
Native extension for WebGL target not found
Refreshing native plugins compatible for Editor in 39.97 ms, found 2 plugins.
Preloading 0 native plugins for Editor in 0.00 ms.
Mono: successfully reloaded assembly
- Completed reload, in  0.832 seconds
Domain Reload Profiling:
	ReloadAssembly (833ms)
		BeginReloadAssembly (92ms)
			ExecutionOrderSort (0ms)
			DisableScriptedObjects (0ms)
			BackupInstance (0ms)
			ReleaseScriptingObjects (0ms)
			CreateAndSetChildDomain (1ms)
		EndReloadAssembly (605ms)
			LoadAssemblies (89ms)
			RebuildTransferFunctionScriptingTraits (0ms)
			SetupTypeCache (199ms)
			ReleaseScriptCaches (0ms)
			RebuildScriptCaches (39ms)
			SetupLoadedEditorAssemblies (229ms)
				LogAssemblyErrors (0ms)
				InitializePlatformSupportModulesInManaged (8ms)
				SetLoadedEditorAssemblies (0ms)
				RefreshPlugins (40ms)
				BeforeProcessingInitializeOnLoad (14ms)
				ProcessInitializeOnLoadAttributes (116ms)
				ProcessInitializeOnLoadMethodAttributes (51ms)
				AfterProcessingInitializeOnLoad (0ms)
				EditorAssembliesLoaded (0ms)
			ExecutionOrderSort2 (0ms)
			AwakeInstancesAfterBackupRestoration (0ms)
Platform modules already initialized, skipping
Registering precompiled user dll's ...
Registered in 0.005769 seconds.
Begin MonoManager ReloadAssembly
Native extension for WindowsStandalone target not found
Native extension for WebGL target not found
Refreshing native plugins compatible for Editor in 0.41 ms, found 2 plugins.
Preloading 0 native plugins for Editor in 0.00 ms.
Mono: successfully reloaded assembly
- Completed reload, in  1.359 seconds
Domain Reload Profiling:
	ReloadAssembly (1361ms)
		BeginReloadAssembly (203ms)
			ExecutionOrderSort (0ms)
			DisableScriptedObjects (6ms)
			BackupInstance (0ms)
			ReleaseScriptingObjects (0ms)
			CreateAndSetChildDomain (28ms)
		EndReloadAssembly (1072ms)
			LoadAssemblies (128ms)
			RebuildTransferFunctionScriptingTraits (0ms)
			SetupTypeCache (359ms)
			ReleaseScriptCaches (1ms)
			RebuildScriptCaches (56ms)
			SetupLoadedEditorAssemblies (408ms)
				LogAssemblyErrors (0ms)
				InitializePlatformSupportModulesInManaged (8ms)
				SetLoadedEditorAssemblies (1ms)
				RefreshPlugins (0ms)
				BeforeProcessingInitializeOnLoad (77ms)
				ProcessInitializeOnLoadAttributes (299ms)
				ProcessInitializeOnLoadMethodAttributes (12ms)
				AfterProcessingInitializeOnLoad (10ms)
				EditorAssembliesLoaded (0ms)
			ExecutionOrderSort2 (0ms)
			AwakeInstancesAfterBackupRestoration (8ms)
Platform modules already initialized, skipping
========================================================================
Worker process is ready to serve import requests
Launched and connected shader compiler UnityShaderCompiler.exe after 0.08 seconds
Refreshing native plugins compatible for Editor in 0.41 ms, found 2 plugins.
Preloading 0 native plugins for Editor in 0.00 ms.
Unloading 1506 Unused Serialized files (Serialized files now loaded: 0)
System memory in use before: 67.6 MB.
System memory in use after: 67.7 MB.

Unloading 16 unused Assets to reduce memory usage. Loaded Objects now: 1941.
Total: 4.837300 ms (FindLiveObjects: 0.213600 ms CreateObjectMapping: 0.075400 ms MarkObjects: 4.450800 ms  DeleteObjects: 0.095600 ms)

AssetImportParameters requested are different than current active one (requested -> active):
  custom:framework-win-MediaFoundation: 216162199b28c13a410421893ffa2e32 -> 
  custom:video-decoder-ogg-theora: a1e56fd34408186e4bbccfd4996cb3dc -> 
  custom:container-muxer-webm: aa71ff27fc2769a1b78a27578f13a17b -> 
  custom:container-demuxer-webm: 4f35f7cbe854078d1ac9338744f61a02 -> 
  custom:container-demuxer-ogg: 62fdf1f143b41e24485cea50d1cbac27 -> 
  custom:video-encoder-webm-vp8: eb34c28f22e8b96e1ab97ce403110664 -> 
  custom:video-codec-MediaFoundation-h265: 746d11721c4dcdbdad8f713fa42b33f4 -> 
  custom:video-decoder-webm-vp8: 9c59270c3fd7afecdb556c50c9e8de78 -> 
  custom:audio-decoder-ogg-vorbis: bf7c407c2cedff20999df2af8eb42d56 -> 
  custom:audio-encoder-webm-vorbis: bf7c407c2cedff20999df2af8eb42d56 -> 
========================================================================
Received Import Request.
  path: Assets/Resources/Icons/boundaries.png
  artifactKey: Guid(a071d3b53493f594a9b5e18ad60f2029) Importer(815301076,1909f56bfc062723c751e8b465ee728b)
Start importing Assets/Resources/Icons/boundaries.png using Guid(a071d3b53493f594a9b5e18ad60f2029) Importer(815301076,1909f56bfc062723c751e8b465ee728b)  -> (artifact id: 'f0af260d977ab804ec9bd5b2584eb9da') in 0.119159 seconds 
  Import took 0.122754 seconds .

========================================================================
Received Import Request.
  Time since last request: 0.008520 seconds.
  path: Assets/Resources
  artifactKey: Guid(bef706e3868bdee4b9e77f12c1acff96) Importer(815301076,1909f56bfc062723c751e8b465ee728b)
Start importing Assets/Resources using Guid(bef706e3868bdee4b9e77f12c1acff96) Importer(815301076,1909f56bfc062723c751e8b465ee728b)  -> (artifact id: '0f89f709243d024057ae68c7f58646d4') in 0.009665 seconds 
  Import took 0.012894 seconds .

========================================================================
Received Import Request.
  Time since last request: 0.018770 seconds.
  path: Assets/Resources/Icons/movement.png
  artifactKey: Guid(b83026fd4fb9e1246882eff0072a590c) Importer(815301076,1909f56bfc062723c751e8b465ee728b)
Start importing Assets/Resources/Icons/movement.png using Guid(b83026fd4fb9e1246882eff0072a590c) Importer(815301076,1909f56bfc062723c751e8b465ee728b)  -> (artifact id: 'f4355f16ac0338f65edb1bef41a8e4a5') in 0.020250 seconds 
  Import took 0.023644 seconds .

========================================================================
Received Import Request.
  Time since last request: 0.051366 seconds.
  path: Assets/Scripts/Reset.cs
  artifactKey: Guid(9220624dcb0b78744869b9f56c91f25e) Importer(815301076,1909f56bfc062723c751e8b465ee728b)
Start importing Assets/Scripts/Reset.cs using Guid(9220624dcb0b78744869b9f56c91f25e) Importer(815301076,1909f56bfc062723c751e8b465ee728b)  -> (artifact id: '4ae3e7a9132a10d26cee5b1121bd2794') in 0.016018 seconds 
  Import took 0.019334 seconds .

========================================================================
Received Import Request.
  Time since last request: 0.014109 seconds.
  path: Assets/Resources/Icons/reset.png
  artifactKey: Guid(7aa3faa8702ed2d45b4bae5c39511876) Importer(815301076,1909f56bfc062723c751e8b465ee728b)
Start importing Assets/Resources/Icons/reset.png using Guid(7aa3faa8702ed2d45b4bae5c39511876) Importer(815301076,1909f56bfc062723c751e8b465ee728b)  -> (artifact id: 'a5c4132c1d416cbf7a2c9da4fc0987a4') in 0.013720 seconds 
  Import took 0.017153 seconds .

========================================================================
Received Import Request.
  Time since last request: 0.008028 seconds.
  path: Assets/Scenes
  artifactKey: Guid(19eb30919ccbee3449f8e2f4687ed19c) Importer(815301076,1909f56bfc062723c751e8b465ee728b)
Start importing Assets/Scenes using Guid(19eb30919ccbee3449f8e2f4687ed19c) Importer(815301076,1909f56bfc062723c751e8b465ee728b)  -> (artifact id: '70ee40b30ee344fcd731476cd491de1a') in 0.007641 seconds 
  Import took 0.011388 seconds .

========================================================================
Received Import Request.
  Time since last request: 0.009040 seconds.
  path: Assets/Scripts/Boundaries.cs
  artifactKey: Guid(788cfcae67b43b24ea5792d09e19b2e1) Importer(815301076,1909f56bfc062723c751e8b465ee728b)
Start importing Assets/Scripts/Boundaries.cs using Guid(788cfcae67b43b24ea5792d09e19b2e1) Importer(815301076,1909f56bfc062723c751e8b465ee728b)  -> (artifact id: 'a77c61ff30dcc2d9a314d486302d7ad7') in 0.008456 seconds 
  Import took 0.011820 seconds .

========================================================================
Received Import Request.
  Time since last request: 0.005484 seconds.
  path: Assets/Resources/Icons
  artifactKey: Guid(9a8549a030d73684bb891c548545e250) Importer(815301076,1909f56bfc062723c751e8b465ee728b)
Start importing Assets/Resources/Icons using Guid(9a8549a030d73684bb891c548545e250) Importer(815301076,1909f56bfc062723c751e8b465ee728b)  -> (artifact id: '0a6093656768150ee1470a75e7ce5bee') in 0.008871 seconds 
  Import took 0.012093 seconds .

========================================================================
Received Import Request.
  Time since last request: 0.009386 seconds.
  path: Assets/Resources/Icons/teleport.png
  artifactKey: Guid(16c31b1270e811f44b87f181efc9edcb) Importer(815301076,1909f56bfc062723c751e8b465ee728b)
Start importing Assets/Resources/Icons/teleport.png using Guid(16c31b1270e811f44b87f181efc9edcb) Importer(815301076,1909f56bfc062723c751e8b465ee728b)  -> (artifact id: 'de0a8a88f89c8f8240544b04d2c6ae13') in 0.015270 seconds 
  Import took 0.018856 seconds .

========================================================================
Received Import Request.
  Time since last request: 0.010941 seconds.
  path: Assets/Scripts/Teleport.cs
  artifactKey: Guid(d63b882c141630c4faa97e7e3e3d9020) Importer(815301076,1909f56bfc062723c751e8b465ee728b)
Start importing Assets/Scripts/Teleport.cs using Guid(d63b882c141630c4faa97e7e3e3d9020) Importer(815301076,1909f56bfc062723c751e8b465ee728b)  -> (artifact id: 'b7ba70b5e27e6eedc108cb3a0f8a7afd') in 0.008075 seconds 
  Import took 0.011169 seconds .

========================================================================
Received Import Request.
  Time since last request: 0.009898 seconds.
  path: Assets/Scenes/SampleScene.unity
  artifactKey: Guid(9fc0d4010bbf28b4594072e72b8655ab) Importer(815301076,1909f56bfc062723c751e8b465ee728b)
Start importing Assets/Scenes/SampleScene.unity using Guid(9fc0d4010bbf28b4594072e72b8655ab) Importer(815301076,1909f56bfc062723c751e8b465ee728b)  -> (artifact id: '387334ae25fbb793d8ed321be614a7e2') in 0.008848 seconds 
  Import took 0.011950 seconds .

========================================================================
Received Import Request.
  Time since last request: 0.009827 seconds.
  path: Assets/Scripts/Movement.cs
  artifactKey: Guid(c22efc2fca1c7ad4f89183c00c88dec1) Importer(815301076,1909f56bfc062723c751e8b465ee728b)
Start importing Assets/Scripts/Movement.cs using Guid(c22efc2fca1c7ad4f89183c00c88dec1) Importer(815301076,1909f56bfc062723c751e8b465ee728b)  -> (artifact id: '5f058ef6412815b15260ee3727ab569e') in 0.008355 seconds 
  Import took 0.012051 seconds .

========================================================================
Received Import Request.
  Time since last request: 168.688559 seconds.
  path: Assets
  artifactKey: Guid(00000000000000001000000000000000) Importer(815301076,1909f56bfc062723c751e8b465ee728b)
Start importing Assets using Guid(00000000000000001000000000000000) Importer(815301076,1909f56bfc062723c751e8b465ee728b)  -> (artifact id: '42d402b061de3733987d63b9cc3b64de') in 0.012246 seconds 
  Import took 0.016158 seconds .

========================================================================
Received Import Request.
  Time since last request: 14.221893 seconds.
  path: Assets/Materials
  artifactKey: Guid(94cb75d4d425ae540b41088a60f99892) Importer(815301076,1909f56bfc062723c751e8b465ee728b)
Start importing Assets/Materials using Guid(94cb75d4d425ae540b41088a60f99892) Importer(815301076,1909f56bfc062723c751e8b465ee728b)  -> (artifact id: 'a83df0d9d8d7c3561574f5ca73ecefbc') in 0.010813 seconds 
  Import took 0.014722 seconds .

========================================================================
Received Import Request.
  Time since last request: 25.892517 seconds.
  path: Assets/Materials/New Material.mat
  artifactKey: Guid(41e4cf7fbece8034b9dc2469259d3ed5) Importer(815301076,1909f56bfc062723c751e8b465ee728b)
Start importing Assets/Materials/New Material.mat using Guid(41e4cf7fbece8034b9dc2469259d3ed5) Importer(815301076,1909f56bfc062723c751e8b465ee728b)  -> (artifact id: 'ff8b0272a3db7fa5c67ed34d28a0e220') in 0.097829 seconds 
  Import took 0.100961 seconds .

========================================================================
Received Import Request.
  Time since last request: 3.721647 seconds.
  path: Assets/Materials/New Material 1.mat
  artifactKey: Guid(37d8c63e3b9af8240ac76e88415e4b7c) Importer(815301076,1909f56bfc062723c751e8b465ee728b)
Start importing Assets/Materials/New Material 1.mat using Guid(37d8c63e3b9af8240ac76e88415e4b7c) Importer(815301076,1909f56bfc062723c751e8b465ee728b)  -> (artifact id: '60ae60a344859eff0acc1bba21b79141') in 0.025295 seconds 
  Import took 0.029496 seconds .

========================================================================
Received Import Request.
  Time since last request: 15.720627 seconds.
  path: Assets/Materials/sphere material.mat
  artifactKey: Guid(37d8c63e3b9af8240ac76e88415e4b7c) Importer(815301076,1909f56bfc062723c751e8b465ee728b)
Start importing Assets/Materials/sphere material.mat using Guid(37d8c63e3b9af8240ac76e88415e4b7c) Importer(815301076,1909f56bfc062723c751e8b465ee728b)  -> (artifact id: '9366d36d28997b44c9cab0f26d77b6da') in 0.024049 seconds 
  Import took 0.027298 seconds .

========================================================================
Received Import Request.
  Time since last request: 48.423694 seconds.
  path: Assets/Materials/SphereMaterial.mat
  artifactKey: Guid(41e4cf7fbece8034b9dc2469259d3ed5) Importer(815301076,1909f56bfc062723c751e8b465ee728b)
Start importing Assets/Materials/SphereMaterial.mat using Guid(41e4cf7fbece8034b9dc2469259d3ed5) Importer(815301076,1909f56bfc062723c751e8b465ee728b)  -> (artifact id: '2d63a772d0a9abe62e697149d14ed7cc') in 0.021459 seconds 
  Import took 0.025717 seconds .

========================================================================
Received Import Request.
  Time since last request: 12.075090 seconds.
  path: Assets/Materials/CubeMaterial.mat
  artifactKey: Guid(37d8c63e3b9af8240ac76e88415e4b7c) Importer(815301076,1909f56bfc062723c751e8b465ee728b)
Start importing Assets/Materials/CubeMaterial.mat using Guid(37d8c63e3b9af8240ac76e88415e4b7c) Importer(815301076,1909f56bfc062723c751e8b465ee728b)  -> (artifact id: '8217ff68da30ddd1b8a09a50ae243289') in 0.025274 seconds 
  Import took 0.028902 seconds .

========================================================================
Received Import Request.
  Time since last request: 208.471759 seconds.
  path: Assets/Materials/CubeMaterial.mat
  artifactKey: Guid(37d8c63e3b9af8240ac76e88415e4b7c) Importer(815301076,1909f56bfc062723c751e8b465ee728b)
Start importing Assets/Materials/CubeMaterial.mat using Guid(37d8c63e3b9af8240ac76e88415e4b7c) Importer(815301076,1909f56bfc062723c751e8b465ee728b)  -> (artifact id: 'fa92ec23aa1482952772579bd7bc9ba1') in 0.020863 seconds 
  Import took 0.024391 seconds .

========================================================================
Received Import Request.
  Time since last request: 0.000260 seconds.
  path: Assets/Materials/SphereMaterial.mat
  artifactKey: Guid(41e4cf7fbece8034b9dc2469259d3ed5) Importer(815301076,1909f56bfc062723c751e8b465ee728b)
Start importing Assets/Materials/SphereMaterial.mat using Guid(41e4cf7fbece8034b9dc2469259d3ed5) Importer(815301076,1909f56bfc062723c751e8b465ee728b)  -> (artifact id: 'f749244d5eba46ea0249e63d07b9b6c5') in 0.020330 seconds 
  Import took 0.024288 seconds .

========================================================================
Received Prepare
Registering precompiled user dll's ...
Registered in 0.004051 seconds.
Begin MonoManager ReloadAssembly
Native extension for WindowsStandalone target not found
Native extension for WebGL target not found
Refreshing native plugins compatible for Editor in 0.42 ms, found 2 plugins.
Preloading 0 native plugins for Editor in 0.00 ms.
Mono: successfully reloaded assembly
- Completed reload, in  1.275 seconds
Domain Reload Profiling:
	ReloadAssembly (1275ms)
		BeginReloadAssembly (147ms)
			ExecutionOrderSort (0ms)
			DisableScriptedObjects (6ms)
			BackupInstance (0ms)
			ReleaseScriptingObjects (0ms)
			CreateAndSetChildDomain (41ms)
		EndReloadAssembly (1043ms)
			LoadAssemblies (120ms)
			RebuildTransferFunctionScriptingTraits (0ms)
			SetupTypeCache (342ms)
			ReleaseScriptCaches (1ms)
			RebuildScriptCaches (52ms)
			SetupLoadedEditorAssemblies (367ms)
				LogAssemblyErrors (0ms)
				InitializePlatformSupportModulesInManaged (8ms)
				SetLoadedEditorAssemblies (1ms)
				RefreshPlugins (1ms)
				BeforeProcessingInitializeOnLoad (81ms)
				ProcessInitializeOnLoadAttributes (256ms)
				ProcessInitializeOnLoadMethodAttributes (11ms)
				AfterProcessingInitializeOnLoad (11ms)
				EditorAssembliesLoaded (0ms)
			ExecutionOrderSort2 (0ms)
			AwakeInstancesAfterBackupRestoration (9ms)
Platform modules already initialized, skipping
Refreshing native plugins compatible for Editor in 0.41 ms, found 2 plugins.
Preloading 0 native plugins for Editor in 0.00 ms.
Unloading 1500 Unused Serialized files (Serialized files now loaded: 0)
System memory in use before: 70.8 MB.
System memory in use after: 70.9 MB.

Unloading 11 unused Assets to reduce memory usage. Loaded Objects now: 1985.
Total: 3.220100 ms (FindLiveObjects: 0.208600 ms CreateObjectMapping: 0.061900 ms MarkObjects: 2.922400 ms  DeleteObjects: 0.026000 ms)

AssetImportParameters requested are different than current active one (requested -> active):
  custom:framework-win-MediaFoundation: 216162199b28c13a410421893ffa2e32 -> 
  custom:video-decoder-ogg-theora: a1e56fd34408186e4bbccfd4996cb3dc -> 
  custom:container-muxer-webm: aa71ff27fc2769a1b78a27578f13a17b -> 
  custom:container-demuxer-webm: 4f35f7cbe854078d1ac9338744f61a02 -> 
  custom:container-demuxer-ogg: 62fdf1f143b41e24485cea50d1cbac27 -> 
  custom:video-encoder-webm-vp8: eb34c28f22e8b96e1ab97ce403110664 -> 
  custom:video-codec-MediaFoundation-h265: 746d11721c4dcdbdad8f713fa42b33f4 -> 
  custom:video-decoder-webm-vp8: 9c59270c3fd7afecdb556c50c9e8de78 -> 
  custom:audio-decoder-ogg-vorbis: bf7c407c2cedff20999df2af8eb42d56 -> 
  custom:audio-encoder-webm-vorbis: bf7c407c2cedff20999df2af8eb42d56 -> 
========================================================================
Received Import Request.
  Time since last request: 65.023444 seconds.
  path: Assets/Scenes/SampleScene.unity
  artifactKey: Guid(9fc0d4010bbf28b4594072e72b8655ab) Importer(815301076,1909f56bfc062723c751e8b465ee728b)
Start importing Assets/Scenes/SampleScene.unity using Guid(9fc0d4010bbf28b4594072e72b8655ab) Importer(815301076,1909f56bfc062723c751e8b465ee728b)  -> (artifact id: 'a251819c7cf8510473928fecd8fcbe9e') in 0.018939 seconds 
  Import took 0.023205 seconds .

AssetImportWorkerClient::OnTransportError - code=2 error=End of file
